[debug] [2023-03-08T17:42:51.245Z] ----------------------------------------------------------------------
[debug] [2023-03-08T17:42:51.247Z] Command:       C:\Program Files\nodejs\node.exe C:\Users\FUJITSU\AppData\Roaming\npm\node_modules\firebase-tools\lib\bin\firebase.js init
[debug] [2023-03-08T17:42:51.248Z] CLI Version:   11.24.0
[debug] [2023-03-08T17:42:51.248Z] Platform:      win32
[debug] [2023-03-08T17:42:51.248Z] Node Version:  v16.17.0
[debug] [2023-03-08T17:42:51.250Z] Time:          Wed Mar 08 2023 18:42:51 GMT+0100 (Mitteleuropäische Normalzeit)
[debug] [2023-03-08T17:42:51.250Z] ----------------------------------------------------------------------
[debug] 
[debug] [2023-03-08T17:42:51.262Z] >>> [apiv2][query] GET https://firebase-public.firebaseio.com/cli.json [none]
[debug] [2023-03-08T17:42:51.449Z] > command requires scopes: ["email","openid","https://www.googleapis.com/auth/cloudplatformprojects.readonly","https://www.googleapis.com/auth/firebase","https://www.googleapis.com/auth/cloud-platform"]
[debug] [2023-03-08T17:42:51.449Z] > authorizing via signed-in user (framez.mw@gmail.com)
[info] 
     ######## #### ########  ######## ########     ###     ######  ########
     ##        ##  ##     ## ##       ##     ##  ##   ##  ##       ##
     ######    ##  ########  ######   ########  #########  ######  ######
     ##        ##  ##    ##  ##       ##     ## ##     ##       ## ##
     ##       #### ##     ## ######## ########  ##     ##  ######  ########

You're about to initialize a Firebase project in this directory

  C:\Users\FUJITSU\Documents\JAVASCRIPT\tut-udemy-firebase\firebase-recipes-web-app

Before we get started, keep in mind:

  * You are initializing within an existing Firebase project directory

[debug] [2023-03-08T17:42:51.774Z] <<< [apiv2][status] GET https://firebase-public.firebaseio.com/cli.json 200
[debug] [2023-03-08T17:42:51.775Z] <<< [apiv2][body] GET https://firebase-public.firebaseio.com/cli.json {"cloudBuildErrorAfter":1594252800000,"cloudBuildWarnAfter":1590019200000,"defaultNode10After":1594252800000,"minVersion":"3.0.5","node8DeploysDisabledAfter":1613390400000,"node8RuntimeDisabledAfter":1615809600000,"node8WarnAfter":1600128000000}
[info] 
=== Project Setup
[info] 
[info] First, let's associate this project directory with a Firebase project.
[info] You can create multiple project aliases by running firebase use --add, 
[info] but for now we'll just set up a default project.
[info] 
[debug] [2023-03-08T17:46:06.399Z] Using project from CLI flag: fir-recipes-9a215
[debug] [2023-03-08T17:46:06.401Z] > refreshing access token with scopes: []
[debug] [2023-03-08T17:46:06.404Z] >>> [apiv2][query] POST https://www.googleapis.com/oauth2/v3/token [none]
[debug] [2023-03-08T17:46:06.405Z] >>> [apiv2][body] POST https://www.googleapis.com/oauth2/v3/token [omitted]
[debug] [2023-03-08T17:46:06.556Z] <<< [apiv2][status] POST https://www.googleapis.com/oauth2/v3/token 200
[debug] [2023-03-08T17:46:06.556Z] <<< [apiv2][body] POST https://www.googleapis.com/oauth2/v3/token [omitted]
[debug] [2023-03-08T17:46:06.684Z] >>> [apiv2][query] GET https://firebase.googleapis.com/v1beta1/projects/fir-recipes-9a215 [none]
[debug] [2023-03-08T17:46:06.991Z] <<< [apiv2][status] GET https://firebase.googleapis.com/v1beta1/projects/fir-recipes-9a215 200
[debug] [2023-03-08T17:46:06.991Z] <<< [apiv2][body] GET https://firebase.googleapis.com/v1beta1/projects/fir-recipes-9a215 {"projectId":"fir-recipes-9a215","projectNumber":"552004081965","displayName":"firebase-recipes","name":"projects/fir-recipes-9a215","resources":{"hostingSite":"fir-recipes-9a215"},"state":"ACTIVE","etag":"1_1af1bca2-5728-479e-9e9b-287dbf9c3df3"}
[info] i  Using project fir-recipes-9a215 (firebase-recipes) 
[info] 
=== Hosting Setup
[info] 
[info] Your public directory is the folder (relative to your project directory) that
[info] will contain Hosting assets to be uploaded with firebase deploy. If you
[info] have a build process for your assets, use your build's output directory.
[info] 
